<?xml version="1.0" encoding="UTF-8"?>
<testng-results ignored="0" total="1" passed="1" failed="0" skipped="0">
  <reporter-output>
  </reporter-output>
  <suite started-at="2021-05-22T00:35:57 IST" name="Suite" finished-at="2021-05-22T00:35:57 IST" duration-ms="53">
    <groups>
    </groups>
    <test started-at="2021-05-22T00:35:57 IST" name="Test" finished-at="2021-05-22T00:35:57 IST" duration-ms="53">
      <class name="Module5.Demo">
        <test-method is-config="true" signature="beforeSuite()[pri:0, instance:Module5.Demo@3059cbc]" started-at="2021-05-22T00:35:57 IST" name="beforeSuite" finished-at="2021-05-22T00:35:57 IST" duration-ms="11" status="PASS">
          <reporter-output>
          </reporter-output>
        </test-method> <!-- beforeSuite -->
        <test-method is-config="true" signature="beforeTest()[pri:0, instance:Module5.Demo@3059cbc]" started-at="2021-05-22T00:35:57 IST" name="beforeTest" finished-at="2021-05-22T00:35:57 IST" duration-ms="2" status="PASS">
          <reporter-output>
          </reporter-output>
        </test-method> <!-- beforeTest -->
        <test-method is-config="true" signature="beforeClass()[pri:0, instance:Module5.Demo@3059cbc]" started-at="2021-05-22T00:35:57 IST" name="beforeClass" finished-at="2021-05-22T00:35:57 IST" duration-ms="0" status="PASS">
          <reporter-output>
          </reporter-output>
        </test-method> <!-- beforeClass -->
        <test-method is-config="true" signature="beforeMethod()[pri:0, instance:Module5.Demo@3059cbc]" started-at="2021-05-22T00:35:57 IST" name="beforeMethod" finished-at="2021-05-22T00:35:57 IST" duration-ms="0" status="PASS">
          <reporter-output>
          </reporter-output>
        </test-method> <!-- beforeMethod -->
        <test-method signature="Test1()[pri:0, instance:Module5.Demo@3059cbc]" started-at="2021-05-22T00:35:57 IST" name="Test1" finished-at="2021-05-22T00:35:57 IST" duration-ms="6" status="PASS">
          <reporter-output>
          </reporter-output>
        </test-method> <!-- Test1 -->
        <test-method is-config="true" signature="afterMethod()[pri:0, instance:Module5.Demo@3059cbc]" started-at="2021-05-22T00:35:57 IST" name="afterMethod" finished-at="2021-05-22T00:35:57 IST" duration-ms="1" status="PASS">
          <reporter-output>
          </reporter-output>
        </test-method> <!-- afterMethod -->
        <test-method is-config="true" signature="afterClass()[pri:0, instance:Module5.Demo@3059cbc]" started-at="2021-05-22T00:35:57 IST" name="afterClass" finished-at="2021-05-22T00:35:57 IST" duration-ms="0" status="PASS">
          <reporter-output>
          </reporter-output>
        </test-method> <!-- afterClass -->
        <test-method is-config="true" signature="afterTest()[pri:0, instance:Module5.Demo@3059cbc]" started-at="2021-05-22T00:35:57 IST" name="afterTest" finished-at="2021-05-22T00:35:57 IST" duration-ms="1" status="PASS">
          <reporter-output>
          </reporter-output>
        </test-method> <!-- afterTest -->
        <test-method is-config="true" signature="afterSuite()[pri:0, instance:Module5.Demo@3059cbc]" started-at="2021-05-22T00:35:57 IST" name="afterSuite" finished-at="2021-05-22T00:35:57 IST" duration-ms="1" status="PASS">
          <reporter-output>
          </reporter-output>
        </test-method> <!-- afterSuite -->
      </class> <!-- Module5.Demo -->
    </test> <!-- Test -->
  </suite> <!-- Suite -->
</testng-results>
